{
  "RSpec": {
    "coverage": {
      "/Users/apprentice/boredgames/app/helpers/application_helper.rb": [
        1,
        null
      ],
      "/Users/apprentice/boredgames/app/helpers/sessions_helper.rb": [
        1,
        1,
        3,
        null,
        null,
        1,
        3,
        null,
        null,
        1,
        0,
        null,
        null
      ],
      "/Users/apprentice/boredgames/app/controllers/collections_controller.rb": [
        1,
        1,
        3,
        3,
        3,
        3,
        null,
        null,
        1,
        1,
        1,
        1,
        1,
        1,
        1,
        null,
        null
      ],
      "/Users/apprentice/boredgames/app/controllers/application_controller.rb": [
        1,
        null,
        null,
        1,
        null
      ],
      "/Users/apprentice/boredgames/app/controllers/comments_controller.rb": [
        1,
        1,
        1,
        1,
        null,
        null,
        1,
        3,
        3,
        3,
        3,
        2,
        null,
        1,
        null,
        null,
        null,
        1,
        1,
        1,
        null,
        null,
        1,
        3,
        3,
        3,
        2,
        null,
        1,
        null,
        null,
        null,
        1,
        3,
        3,
        3,
        3,
        null,
        null,
        null
      ],
      "/Users/apprentice/boredgames/app/controllers/friendships_controller.rb": [
        1,
        1,
        6,
        6,
        6,
        6,
        6,
        null,
        null,
        1,
        null,
        3,
        3,
        3,
        3,
        3,
        null,
        null
      ],
      "/Users/apprentice/boredgames/app/controllers/games_controller.rb": [
        1,
        1,
        null,
        3,
        3,
        3,
        null,
        null,
        1,
        2,
        2,
        1,
        1,
        null,
        null,
        1,
        null,
        null,
        null,
        1,
        3,
        3,
        3,
        2,
        2,
        null,
        1,
        null,
        null,
        null,
        1,
        1,
        null,
        null,
        null,
        1,
        3,
        3,
        2,
        null,
        null,
        1,
        null,
        null,
        null,
        null,
        1,
        4,
        4,
        3,
        3,
        null,
        null,
        1,
        null,
        null,
        null,
        1,
        1,
        null,
        null,
        1,
        1,
        6,
        null,
        null,
        null,
        1,
        14,
        null,
        null,
        1,
        2,
        null,
        null,
        1,
        7,
        null,
        null,
        null
      ],
      "/Users/apprentice/boredgames/app/controllers/users_controller.rb": [
        1,
        1,
        1,
        null,
        null,
        1,
        3,
        3,
        3,
        3,
        null,
        null,
        1,
        5,
        null,
        5,
        4,
        4,
        null,
        1,
        null,
        null,
        null,
        null,
        1,
        null,
        3,
        3,
        2,
        null,
        1,
        null,
        null,
        null,
        1,
        1,
        null,
        null,
        1,
        3,
        3,
        2,
        null,
        1,
        null,
        null,
        null,
        1,
        null,
        null,
        null,
        1,
        1,
        8,
        null,
        null
      ],
      "/Users/apprentice/boredgames/app/controllers/votes_controller.rb": [
        1,
        null,
        1,
        12,
        12,
        null,
        null,
        1,
        2,
        2,
        2,
        null,
        null,
        null
      ],
      "/Users/apprentice/boredgames/app/models/tag.rb": [
        1,
        1,
        1,
        null
      ],
      "/Users/apprentice/boredgames/app/models/categorization.rb": [
        1,
        1,
        1,
        null
      ],
      "/Users/apprentice/boredgames/app/models/tagging.rb": [
        1,
        1,
        1,
        null
      ],
      "/Users/apprentice/boredgames/app/models/comment.rb": [
        1,
        1,
        1,
        null,
        1,
        null
      ],
      "/Users/apprentice/boredgames/app/models/game.rb": [
        1,
        1,
        1,
        1,
        1,
        1,
        1,
        1,
        null,
        1,
        1,
        null,
        1,
        5,
        9,
        null,
        null,
        null,
        1,
        4,
        1,
        null,
        null,
        null,
        1,
        3,
        0,
        null,
        null,
        null
      ],
      "/Users/apprentice/boredgames/app/models/user.rb": [
        1,
        1,
        1,
        1,
        1,
        1,
        1,
        1,
        null,
        1,
        1,
        null
      ],
      "/Users/apprentice/boredgames/app/models/vote.rb": [
        1,
        1,
        1,
        null
      ],
      "/Users/apprentice/boredgames/app/models/category.rb": [
        1,
        1,
        1,
        null
      ],
      "/Users/apprentice/boredgames/app/models/collection.rb": [
        1,
        1,
        1,
        null
      ],
      "/Users/apprentice/boredgames/app/models/friendship.rb": [
        1,
        1,
        null
      ],
      "/Users/apprentice/boredgames/app/controllers/sessions_controller.rb": [
        0,
        0,
        0,
        0,
        0,
        0,
        0,
        0,
        0,
        0,
        0,
        0,
        0,
        0,
        0,
        0,
        0,
        0,
        0,
        0,
        0,
        0,
        0,
        0,
        0,
        0,
        0
      ]
    },
    "timestamp": 1457544548
  }
}
